2026-05-25 03:46:56.866 UTC [4674] LOG:  starting PostgreSQL 16.14 (Ubuntu 16.14-1.pgdg22.04+1) on x86_64-pc-linux-gnu, compiled by gcc (Ubuntu 11.4.0-1ubuntu1~22.04.3) 11.4.0, 64-bit
2026-05-25 03:46:56.866 UTC [4674] LOG:  listening on IPv4 address "127.0.0.1", port 5432
2026-05-25 03:46:56.869 UTC [4674] LOG:  listening on Unix socket "/var/run/postgresql/.s.PGSQL.5432"
2026-05-25 03:46:56.875 UTC [4677] LOG:  database system was shut down at 2026-05-25 03:46:55 UTC
2026-05-25 03:46:56.881 UTC [4674] LOG:  database system is ready to accept connections
2026-05-25 03:51:57.097 UTC [4675] LOG:  checkpoint starting: time
2026-05-25 03:52:03.696 UTC [4675] LOG:  checkpoint complete: wrote 44 buffers (0.3%); 0 WAL file(s) added, 0 removed, 0 recycled; write=6.576 s, sync=0.012 s, total=6.599 s; sync files=11, longest=0.004 s, average=0.002 s; distance=260 kB, estimate=260 kB; lsn=0/1528468, redo lsn=0/1528430
2026-05-25 03:54:26.638 UTC [4674] LOG:  received fast shutdown request
2026-05-25 03:54:26.640 UTC [4674] LOG:  aborting any active transactions
2026-05-25 03:54:26.642 UTC [4674] LOG:  background worker "logical replication launcher" (PID 4680) exited with exit code 1
2026-05-25 03:54:26.643 UTC [4675] LOG:  shutting down
2026-05-25 03:54:26.645 UTC [4675] LOG:  checkpoint starting: shutdown immediate
2026-05-25 03:54:26.656 UTC [4675] LOG:  checkpoint complete: wrote 0 buffers (0.0%); 0 WAL file(s) added, 0 removed, 0 recycled; write=0.001 s, sync=0.001 s, total=0.014 s; sync files=0, longest=0.000 s, average=0.000 s; distance=0 kB, estimate=234 kB; lsn=0/1528518, redo lsn=0/1528518
2026-05-25 03:54:26.660 UTC [4674] LOG:  database system is shut down
2026-05-25 03:54:26.785 GMT [4800] LOG:  unrecognized configuration parameter "log_failed_authentications" in file "/etc/postgresql/16/main/postgresql.conf" line 567
2026-05-25 03:54:26.785 GMT [4800] FATAL:  configuration file "/etc/postgresql/16/main/postgresql.conf" contains errors
pg_ctl: could not start server
Examine the log output.
2026-05-25 03:58:03.772 UTC [4841] LOG:  redirecting log output to logging collector process
2026-05-25 03:58:03.772 UTC [4841] HINT:  Future log output will appear in directory "log".
2026-05-25 05:07:59.714 UTC [816] LOG:  redirecting log output to logging collector process
2026-05-25 05:07:59.714 UTC [816] HINT:  Future log output will appear in directory "log".
