May 25 05:07:54 carrental-srv systemd[1]: Finished GRUB failed boot detection.
May 25 05:07:54 carrental-srv apport[742]:    ...done.
May 25 05:07:54 carrental-srv systemd[1]: Started LSB: automatic crash report generation.
May 25 05:07:54 carrental-srv dbus-daemon[744]: dbus[744]: Unknown group "power" in message bus configuration file
May 25 05:07:54 carrental-srv systemd[1]: e2scrub_reap.service: Deactivated successfully.
May 25 05:07:54 carrental-srv systemd[1]: Finished Remove Stale Online ext4 Metadata Check Snapshots.
May 25 05:07:54 carrental-srv rsyslogd[755]: imuxsock: Acquired UNIX socket '/run/systemd/journal/syslog' (fd 3) from systemd.  [v8.2112.0]
May 25 05:07:54 carrental-srv rsyslogd[755]: rsyslogd's groupid changed to 113
May 25 05:07:54 carrental-srv systemd[1]: Started System Logging Service.
May 25 05:07:54 carrental-srv rsyslogd[755]: rsyslogd's userid changed to 107
May 25 05:07:54 carrental-srv rsyslogd[755]: [origin software="rsyslogd" swVersion="8.2112.0" x-pid="755" x-info="https://www.rsyslog.com"] start
May 25 05:07:54 carrental-srv dbus-daemon[744]: [system] AppArmor D-Bus mediation is enabled
May 25 05:07:54 carrental-srv systemd[1]: Started User Login Management.
May 25 05:07:54 carrental-srv systemd[1]: Started Unattended Upgrades Shutdown.
May 25 05:07:55 carrental-srv udisksd[763]: udisks daemon version 2.9.4 starting
May 25 05:07:55 carrental-srv networkd-dispatcher[751]: No valid path found for iwconfig
May 25 05:07:55 carrental-srv networkd-dispatcher[751]: No valid path found for iw
May 25 05:07:55 carrental-srv sshd[806]: Server listening on 0.0.0.0 port 22.
May 25 05:07:55 carrental-srv sshd[806]: Server listening on :: port 22.
May 25 05:07:55 carrental-srv systemd[1]: Started OpenBSD Secure Shell server.
May 25 05:07:57 carrental-srv node_exporter[752]: ts=2026-05-25T05:07:57.393Z caller=node_exporter.go:193 level=info msg="Starting node_exporter" version="(version=1.8.0, branch=HEAD, revision=cadb1d1190ad95c66b951758f01ff4c94e55e6ce)"
May 25 05:07:57 carrental-srv node_exporter[752]: ts=2026-05-25T05:07:57.393Z caller=node_exporter.go:194 level=info msg="Build context" build_context="(go=go1.22.2, platform=linux/amd64, user=root@587d3f12650c, date=20240424-13:15:48, tags=unknown)"
May 25 05:07:57 carrental-srv systemd[1]: Started Dispatcher daemon for systemd-networkd.
May 25 05:07:57 carrental-srv node_exporter[752]: ts=2026-05-25T05:07:57.414Z caller=diskstats_common.go:111 level=info collector=diskstats msg="Parsed flag --collector.diskstats.device-exclude" flag=^(z?ram|loop|fd|(h|s|v|xv)d[a-z]|nvme\d+n\d+p)\d+$
May 25 05:07:57 carrental-srv node_exporter[752]: ts=2026-05-25T05:07:57.415Z caller=filesystem_common.go:111 level=info collector=filesystem msg="Parsed flag --collector.filesystem.mount-points-exclude" flag=^/(dev|proc|run/credentials/.+|sys|var/lib/docker/.+|var/lib/containers/storage/.+)($|/)
May 25 05:07:57 carrental-srv node_exporter[752]: ts=2026-05-25T05:07:57.415Z caller=filesystem_common.go:113 level=info collector=filesystem msg="Parsed flag --collector.filesystem.fs-types-exclude" flag=^(autofs|binfmt_misc|bpf|cgroup2?|configfs|debugfs|devpts|devtmpfs|fusectl|hugetlbfs|iso9660|mqueue|nsfs|overlay|proc|procfs|pstore|rpc_pipefs|securityfs|selinuxfs|squashfs|sysfs|tracefs)$
May 25 05:07:57 carrental-srv node_exporter[752]: ts=2026-05-25T05:07:57.415Z caller=node_exporter.go:111 level=info msg="Enabled collectors"
May 25 05:07:57 carrental-srv node_exporter[752]: ts=2026-05-25T05:07:57.415Z caller=node_exporter.go:118 level=info collector=arp
May 25 05:07:57 carrental-srv node_exporter[752]: ts=2026-05-25T05:07:57.415Z caller=node_exporter.go:118 level=info collector=bcache
May 25 05:07:57 carrental-srv node_exporter[752]: ts=2026-05-25T05:07:57.415Z caller=node_exporter.go:118 level=info collector=bonding
May 25 05:07:57 carrental-srv node_exporter[752]: ts=2026-05-25T05:07:57.415Z caller=node_exporter.go:118 level=info collector=btrfs
May 25 05:07:57 carrental-srv node_exporter[752]: ts=2026-05-25T05:07:57.415Z caller=node_exporter.go:118 level=info collector=conntrack
May 25 05:07:57 carrental-srv node_exporter[752]: ts=2026-05-25T05:07:57.415Z caller=node_exporter.go:118 level=info collector=cpu
May 25 05:07:57 carrental-srv node_exporter[752]: ts=2026-05-25T05:07:57.415Z caller=node_exporter.go:118 level=info collector=cpufreq
May 25 05:07:57 carrental-srv node_exporter[752]: ts=2026-05-25T05:07:57.415Z caller=node_exporter.go:118 level=info collector=diskstats
May 25 05:07:57 carrental-srv node_exporter[752]: ts=2026-05-25T05:07:57.415Z caller=node_exporter.go:118 level=info collector=dmi
May 25 05:07:57 carrental-srv node_exporter[752]: ts=2026-05-25T05:07:57.415Z caller=node_exporter.go:118 level=info collector=edac
May 25 05:07:57 carrental-srv node_exporter[752]: ts=2026-05-25T05:07:57.415Z caller=node_exporter.go:118 level=info collector=entropy
May 25 05:07:57 carrental-srv node_exporter[752]: ts=2026-05-25T05:07:57.415Z caller=node_exporter.go:118 level=info collector=fibrechannel
May 25 05:07:57 carrental-srv node_exporter[752]: ts=2026-05-25T05:07:57.415Z caller=node_exporter.go:118 level=info collector=filefd
May 25 05:07:57 carrental-srv node_exporter[752]: ts=2026-05-25T05:07:57.415Z caller=node_exporter.go:118 level=info collector=filesystem
May 25 05:07:57 carrental-srv node_exporter[752]: ts=2026-05-25T05:07:57.415Z caller=node_exporter.go:118 level=info collector=hwmon
May 25 05:07:57 carrental-srv node_exporter[752]: ts=2026-05-25T05:07:57.415Z caller=node_exporter.go:118 level=info collector=infiniband
May 25 05:07:57 carrental-srv node_exporter[752]: ts=2026-05-25T05:07:57.415Z caller=node_exporter.go:118 level=info collector=ipvs
May 25 05:07:57 carrental-srv node_exporter[752]: ts=2026-05-25T05:07:57.415Z caller=node_exporter.go:118 level=info collector=loadavg
May 25 05:07:57 carrental-srv node_exporter[752]: ts=2026-05-25T05:07:57.415Z caller=node_exporter.go:118 level=info collector=mdadm
May 25 05:07:57 carrental-srv node_exporter[752]: ts=2026-05-25T05:07:57.415Z caller=node_exporter.go:118 level=info collector=meminfo
May 25 05:07:57 carrental-srv node_exporter[752]: ts=2026-05-25T05:07:57.415Z caller=node_exporter.go:118 level=info collector=netclass
May 25 05:07:57 carrental-srv node_exporter[752]: ts=2026-05-25T05:07:57.415Z caller=node_exporter.go:118 level=info collector=netdev
May 25 05:07:57 carrental-srv node_exporter[752]: ts=2026-05-25T05:07:57.415Z caller=node_exporter.go:118 level=info collector=netstat
May 25 05:07:57 carrental-srv node_exporter[752]: ts=2026-05-25T05:07:57.415Z caller=node_exporter.go:118 level=info collector=nfs
May 25 05:07:57 carrental-srv node_exporter[752]: ts=2026-05-25T05:07:57.415Z caller=node_exporter.go:118 level=info collector=nfsd
May 25 05:07:57 carrental-srv node_exporter[752]: ts=2026-05-25T05:07:57.415Z caller=node_exporter.go:118 level=info collector=nvme
May 25 05:07:57 carrental-srv node_exporter[752]: ts=2026-05-25T05:07:57.415Z caller=node_exporter.go:118 level=info collector=os
May 25 05:07:57 carrental-srv node_exporter[752]: ts=2026-05-25T05:07:57.415Z caller=node_exporter.go:118 level=info collector=powersupplyclass
May 25 05:07:57 carrental-srv node_exporter[752]: ts=2026-05-25T05:07:57.415Z caller=node_exporter.go:118 level=info collector=pressure
May 25 05:07:57 carrental-srv node_exporter[752]: ts=2026-05-25T05:07:57.415Z caller=node_exporter.go:118 level=info collector=rapl
May 25 05:07:57 carrental-srv node_exporter[752]: ts=2026-05-25T05:07:57.415Z caller=node_exporter.go:118 level=info collector=schedstat
May 25 05:07:57 carrental-srv node_exporter[752]: ts=2026-05-25T05:07:57.415Z caller=node_exporter.go:118 level=info collector=selinux
May 25 05:07:57 carrental-srv node_exporter[752]: ts=2026-05-25T05:07:57.415Z caller=node_exporter.go:118 level=info collector=sockstat
May 25 05:07:57 carrental-srv node_exporter[752]: ts=2026-05-25T05:07:57.415Z caller=node_exporter.go:118 level=info collector=softnet
May 25 05:07:57 carrental-srv node_exporter[752]: ts=2026-05-25T05:07:57.415Z caller=node_exporter.go:118 level=info collector=stat
May 25 05:07:57 carrental-srv node_exporter[752]: ts=2026-05-25T05:07:57.415Z caller=node_exporter.go:118 level=info collector=tapestats
May 25 05:07:57 carrental-srv node_exporter[752]: ts=2026-05-25T05:07:57.415Z caller=node_exporter.go:118 level=info collector=textfile
May 25 05:07:57 carrental-srv node_exporter[752]: ts=2026-05-25T05:07:57.415Z caller=node_exporter.go:118 level=info collector=thermal_zone
May 25 05:07:57 carrental-srv node_exporter[752]: ts=2026-05-25T05:07:57.415Z caller=node_exporter.go:118 level=info collector=time
May 25 05:07:57 carrental-srv node_exporter[752]: ts=2026-05-25T05:07:57.415Z caller=node_exporter.go:118 level=info collector=timex
May 25 05:07:57 carrental-srv node_exporter[752]: ts=2026-05-25T05:07:57.415Z caller=node_exporter.go:118 level=info collector=udp_queues
May 25 05:07:57 carrental-srv node_exporter[752]: ts=2026-05-25T05:07:57.415Z caller=node_exporter.go:118 level=info collector=uname
May 25 05:07:57 carrental-srv node_exporter[752]: ts=2026-05-25T05:07:57.415Z caller=node_exporter.go:118 level=info collector=vmstat
May 25 05:07:57 carrental-srv node_exporter[752]: ts=2026-05-25T05:07:57.415Z caller=node_exporter.go:118 level=info collector=watchdog
May 25 05:07:57 carrental-srv node_exporter[752]: ts=2026-05-25T05:07:57.415Z caller=node_exporter.go:118 level=info collector=xfs
May 25 05:07:57 carrental-srv node_exporter[752]: ts=2026-05-25T05:07:57.415Z caller=node_exporter.go:118 level=info collector=zfs
May 25 05:07:57 carrental-srv node_exporter[752]: ts=2026-05-25T05:07:57.449Z caller=tls_config.go:313 level=info msg="Listening on" address=[::]:9100
May 25 05:07:57 carrental-srv node_exporter[752]: ts=2026-05-25T05:07:57.449Z caller=tls_config.go:316 level=info msg="TLS is disabled." http2=false address=[::]:9100
May 25 05:07:57 carrental-srv udisksd[763]: failed to load module mdraid: libbd_mdraid.so.2: cannot open shared object file: No such file or directory
May 25 05:07:58 carrental-srv udisksd[763]: Failed to load the 'mdraid' libblockdev plugin
May 25 05:07:58 carrental-srv dbus-daemon[744]: [system] Activating via systemd: service name='org.freedesktop.PolicyKit1' unit='polkit.service' requested by ':1.5' (uid=0 pid=763 comm="/usr/libexec/udisks2/udisksd " label="unconfined")
May 25 05:07:58 carrental-srv systemd[1]: Starting Authorization Manager...
May 25 05:07:58 carrental-srv systemd[1]: Starting Snap Daemon...
May 25 05:07:58 carrental-srv polkitd[819]: started daemon version 0.105 using authority implementation `local' version `0.105'
May 25 05:07:58 carrental-srv dbus-daemon[744]: [system] Successfully activated service 'org.freedesktop.PolicyKit1'
May 25 05:07:58 carrental-srv systemd[1]: Started Authorization Manager.
May 25 05:07:59 carrental-srv systemd[1]: Started Disk Manager.
May 25 05:07:59 carrental-srv udisksd[763]: Acquired the name org.freedesktop.UDisks2 on the system message bus
May 25 05:07:59 carrental-srv systemd[1]: tmp-snap.rootfs_zFaVeR.mount: Deactivated successfully.
May 25 05:08:03 carrental-srv lxd.activate[756]: => Starting LXD activation
May 25 05:08:03 carrental-srv lxd.activate[756]: ==> Loading snap configuration
May 25 05:08:03 carrental-srv lxd.activate[756]: ==> Checking for socket activation support
May 25 05:08:03 carrental-srv snapd[834]: overlord.go:309: Acquiring state lock file
May 25 05:08:03 carrental-srv snapd[834]: overlord.go:314: Acquired state lock file
May 25 05:08:04 carrental-srv systemd[1]: Started PostgreSQL Cluster 16-main.
May 25 05:08:04 carrental-srv systemd[1]: Starting PostgreSQL RDBMS...
May 25 05:08:04 carrental-srv systemd[1]: Finished PostgreSQL RDBMS.
May 25 05:08:04 carrental-srv snapd[834]: daemon.go:276: started snapd/2.75.2+ubuntu22.04 (series 16; classic) ubuntu/22.04 (amd64) linux/5.15.0-179-generic.
May 25 05:08:04 carrental-srv kernel: loop4: detected capacity change from 0 to 8
May 25 05:08:04 carrental-srv systemd[1]: dmesg.service: Deactivated successfully.
May 25 05:08:04 carrental-srv systemd[1]: tmp-syscheck\x2dmountpoint\x2d4214875891.mount: Deactivated successfully.
May 25 05:08:04 carrental-srv snapd[834]: daemon.go:370: adjusting startup timeout by 45s (pessimistic estimate of 30s plus 5s per snap)
May 25 05:08:04 carrental-srv snapd[834]: backends.go:70: AppArmor status: apparmor is enabled and all features are available
May 25 05:08:04 carrental-srv snapd[834]: backend.go:145: reloading profiles for snap-confine
May 25 05:08:04 carrental-srv audit[962]: AVC apparmor="STATUS" operation="profile_replace" info="same as current profile, skipping" profile="unconfined" name="/usr/lib/snapd/snap-confine" pid=962 comm="apparmor_parser"
May 25 05:08:04 carrental-srv kernel: kauditd_printk_skb: 30 callbacks suppressed
May 25 05:08:04 carrental-srv kernel: audit: type=1400 audit(1779685684.866:42): apparmor="STATUS" operation="profile_replace" info="same as current profile, skipping" profile="unconfined" name="/usr/lib/snapd/snap-confine" pid=962 comm="apparmor_parser"
May 25 05:08:04 carrental-srv sshd[878]: Accepted password for mvs from 192.168.88.10 port 49625 ssh2
May 25 05:08:04 carrental-srv sshd[878]: pam_unix(sshd:session): session opened for user mvs(uid=1000) by (uid=0)
May 25 05:08:05 carrental-srv systemd-logind[761]: New session 1 of user mvs.
May 25 05:08:05 carrental-srv systemd[1]: Created slice User Slice of UID 1000.
May 25 05:08:05 carrental-srv systemd[1]: Starting User Runtime Directory /run/user/1000...
May 25 05:08:05 carrental-srv snapd[834]: standby.go:95: will consider standby after: 5s
May 25 05:08:05 carrental-srv systemd[1]: Started Snap Daemon.
May 25 05:08:05 carrental-srv dbus-daemon[744]: [system] Activating via systemd: service name='org.freedesktop.timedate1' unit='dbus-org.freedesktop.timedate1.service' requested by ':1.14' (uid=0 pid=834 comm="/usr/lib/snapd/snapd " label="unconfined")
May 25 05:08:05 carrental-srv systemd[1]: Finished User Runtime Directory /run/user/1000.
May 25 05:08:05 carrental-srv systemd[1]: Starting Time & Date Service...
May 25 05:08:05 carrental-srv systemd[1]: Starting User Manager for UID 1000...
May 25 05:08:05 carrental-srv systemd[972]: pam_unix(systemd-user:session): session opened for user mvs(uid=1000) by (uid=0)
May 25 05:08:05 carrental-srv dbus-daemon[744]: [system] Successfully activated service 'org.freedesktop.timedate1'
May 25 05:08:05 carrental-srv systemd[1]: Started Time & Date Service.
May 25 05:08:05 carrental-srv systemd[1]: Finished Wait until snapd is fully seeded.
May 25 05:08:05 carrental-srv systemd[1]: Starting Cloud-init: Config Stage...
May 25 05:08:05 carrental-srv systemd[1]: Condition check resulted in Auto import assertions from block devices being skipped.
May 25 05:08:05 carrental-srv snapd[834]: snapmgr.go:1661: performing periodic snap downloads cache cleanup
May 25 05:08:05 carrental-srv snapd[834]: cache.go:243: removed 0 entries/    0 from downloads cache
May 25 05:08:05 carrental-srv lxd.activate[756]: ==> Setting LXD socket ownership
May 25 05:08:05 carrental-srv cloud-init[993]: Cloud-init v. 25.3-0ubuntu1~22.04.1 running 'modules:config' at Mon, 25 May 2026 05:08:05 +0000. Up 27.60 seconds.
May 25 05:08:05 carrental-srv lxd.activate[756]: ==> Setting LXD user socket ownership
May 25 05:08:05 carrental-srv lxd.activate[756]: ==> LXD never started on this system, no need to start it now
May 25 05:08:05 carrental-srv systemd[1]: snap.lxd.activate.service: Deactivated successfully.
May 25 05:08:05 carrental-srv systemd[1]: Finished Service for snap application lxd.activate.
May 25 05:08:05 carrental-srv systemd[1]: Reached target Multi-User System.
May 25 05:08:05 carrental-srv systemd[1]: Reached target Graphical Interface.
May 25 05:08:05 carrental-srv systemd[1]: Starting Record Runlevel Change in UTMP...
May 25 05:08:05 carrental-srv systemd[1]: systemd-update-utmp-runlevel.service: Deactivated successfully.
May 25 05:08:05 carrental-srv systemd[1]: Finished Record Runlevel Change in UTMP.
May 25 05:08:05 carrental-srv systemd[1]: Finished Cloud-init: Config Stage.
May 25 05:08:05 carrental-srv systemd[1]: Starting Cloud-init: Final Stage...
May 25 05:08:06 carrental-srv systemd[972]: Queued start job for default target Main User Target.
May 25 05:08:06 carrental-srv cloud-init[1004]: Cloud-init v. 25.3-0ubuntu1~22.04.1 running 'modules:final' at Mon, 25 May 2026 05:08:06 +0000. Up 28.00 seconds.
May 25 05:08:06 carrental-srv cloud-init[1004]: Cloud-init v. 25.3-0ubuntu1~22.04.1 finished at Mon, 25 May 2026 05:08:06 +0000. Datasource DataSourceNone.  Up 28.51 seconds
May 25 05:08:06 carrental-srv systemd[972]: Created slice User Application Slice.
May 25 05:08:06 carrental-srv systemd[972]: Reached target Paths.
May 25 05:08:06 carrental-srv systemd[972]: Reached target Timers.
May 25 05:08:06 carrental-srv systemd[972]: Starting D-Bus User Message Bus Socket...
May 25 05:08:06 carrental-srv systemd[972]: Listening on GnuPG network certificate management daemon.
May 25 05:08:06 carrental-srv systemd[972]: Listening on GnuPG cryptographic agent and passphrase cache (access for web browsers).
May 25 05:08:06 carrental-srv systemd[972]: Listening on GnuPG cryptographic agent and passphrase cache (restricted).
May 25 05:08:06 carrental-srv systemd[972]: Listening on GnuPG cryptographic agent (ssh-agent emulation).
May 25 05:08:06 carrental-srv systemd[972]: Listening on GnuPG cryptographic agent and passphrase cache.
May 25 05:08:06 carrental-srv systemd[972]: Listening on debconf communication socket.
May 25 05:08:06 carrental-srv systemd[972]: Listening on REST API socket for snapd user session agent.
May 25 05:08:06 carrental-srv systemd[972]: Listening on D-Bus User Message Bus Socket.
May 25 05:08:06 carrental-srv systemd[972]: Reached target Sockets.
May 25 05:08:06 carrental-srv systemd[972]: Reached target Basic System.
May 25 05:08:06 carrental-srv systemd[972]: Reached target Main User Target.
May 25 05:08:06 carrental-srv systemd[972]: Startup finished in 847ms.
May 25 05:08:06 carrental-srv systemd[1]: Started User Manager for UID 1000.
May 25 05:08:06 carrental-srv systemd[1]: Started Session 1 of User mvs.
May 25 05:08:06 carrental-srv systemd[1]: Finished Cloud-init: Final Stage.
May 25 05:08:06 carrental-srv systemd[1]: Reached target Cloud-init target.
May 25 05:08:06 carrental-srv systemd[1]: Startup finished in 3.905s (kernel) + 24.671s (userspace) = 28.577s.
May 25 05:08:09 carrental-srv prometheus[754]: ts=2026-05-25T05:08:09.383Z caller=main.go:573 level=info msg="No time or size retention was set so using the default time retention" duration=15d
May 25 05:08:09 carrental-srv prometheus[754]: ts=2026-05-25T05:08:09.392Z caller=main.go:617 level=info msg="Starting Prometheus Server" mode=server version="(version=2.51.0, branch=HEAD, revision=c05c15512acb675e3f6cd662a6727854e93fc024)"
May 25 05:08:09 carrental-srv prometheus[754]: ts=2026-05-25T05:08:09.392Z caller=main.go:622 level=info build_context="(go=go1.22.1, platform=linux/amd64, user=root@b5723e458358, date=20240319-10:54:45, tags=netgo,builtinassets,stringlabels)"
May 25 05:08:09 carrental-srv prometheus[754]: ts=2026-05-25T05:08:09.392Z caller=main.go:623 level=info host_details="(Linux 5.15.0-179-generic #189-Ubuntu SMP Tue May 5 18:20:56 UTC 2026 x86_64 carrental-srv (none))"
May 25 05:08:09 carrental-srv prometheus[754]: ts=2026-05-25T05:08:09.392Z caller=main.go:624 level=info fd_limits="(soft=524288, hard=524288)"
May 25 05:08:09 carrental-srv prometheus[754]: ts=2026-05-25T05:08:09.392Z caller=main.go:625 level=info vm_limits="(soft=unlimited, hard=unlimited)"
May 25 05:08:09 carrental-srv prometheus[754]: ts=2026-05-25T05:08:09.469Z caller=web.go:568 level=info component=web msg="Start listening for connections" address=0.0.0.0:9090
May 25 05:08:09 carrental-srv prometheus[754]: ts=2026-05-25T05:08:09.480Z caller=main.go:1129 level=info msg="Starting TSDB ..."
May 25 05:08:09 carrental-srv prometheus[754]: ts=2026-05-25T05:08:09.536Z caller=tls_config.go:313 level=info component=web msg="Listening on" address=[::]:9090
May 25 05:08:09 carrental-srv prometheus[754]: ts=2026-05-25T05:08:09.547Z caller=tls_config.go:316 level=info component=web msg="TLS is disabled." http2=false address=[::]:9090
May 25 05:08:09 carrental-srv prometheus[754]: ts=2026-05-25T05:08:09.604Z caller=head.go:616 level=info component=tsdb msg="Replaying on-disk memory mappable chunks if any"
May 25 05:08:09 carrental-srv prometheus[754]: ts=2026-05-25T05:08:09.613Z caller=head.go:698 level=info component=tsdb msg="On-disk memory mappable chunks replay completed" duration=3.096µs
May 25 05:08:09 carrental-srv prometheus[754]: ts=2026-05-25T05:08:09.613Z caller=head.go:706 level=info component=tsdb msg="Replaying WAL, this may take a while"
May 25 05:08:09 carrental-srv prometheus[754]: ts=2026-05-25T05:08:09.658Z caller=head.go:778 level=info component=tsdb msg="WAL segment loaded" segment=0 maxSegment=3
May 25 05:08:09 carrental-srv prometheus[754]: ts=2026-05-25T05:08:09.755Z caller=head.go:778 level=info component=tsdb msg="WAL segment loaded" segment=1 maxSegment=3
May 25 05:08:09 carrental-srv prometheus[754]: ts=2026-05-25T05:08:09.808Z caller=head.go:778 level=info component=tsdb msg="WAL segment loaded" segment=2 maxSegment=3
May 25 05:08:09 carrental-srv prometheus[754]: ts=2026-05-25T05:08:09.808Z caller=head.go:778 level=info component=tsdb msg="WAL segment loaded" segment=3 maxSegment=3
May 25 05:08:09 carrental-srv prometheus[754]: ts=2026-05-25T05:08:09.808Z caller=head.go:815 level=info component=tsdb msg="WAL replay completed" checkpoint_replay_duration=4.490782ms wal_replay_duration=190.743748ms wbl_replay_duration=111ns total_replay_duration=195.399418ms
May 25 05:08:09 carrental-srv prometheus[754]: ts=2026-05-25T05:08:09.809Z caller=main.go:1150 level=info fs_type=EXT4_SUPER_MAGIC
May 25 05:08:09 carrental-srv prometheus[754]: ts=2026-05-25T05:08:09.810Z caller=main.go:1153 level=info msg="TSDB started"
May 25 05:08:09 carrental-srv prometheus[754]: ts=2026-05-25T05:08:09.810Z caller=main.go:1335 level=info msg="Loading configuration file" filename=/etc/prometheus/prometheus.yml
May 25 05:08:09 carrental-srv prometheus[754]: ts=2026-05-25T05:08:09.828Z caller=main.go:1372 level=info msg="Completed loading of configuration file" filename=/etc/prometheus/prometheus.yml totalDuration=18.026523ms db_storage=651ns remote_storage=1.112µs web_handler=380ns query_engine=681ns scrape=17.730531ms scrape_sd=64.801µs notify=802ns notify_sd=922ns rules=1.302µs tracing=5.59µs
May 25 05:08:09 carrental-srv prometheus[754]: ts=2026-05-25T05:08:09.828Z caller=main.go:1114 level=info msg="Server is ready to receive web requests."
May 25 05:08:09 carrental-srv prometheus[754]: ts=2026-05-25T05:08:09.828Z caller=manager.go:163 level=info component="rule manager" msg="Starting rule manager..."
May 25 05:08:12 carrental-srv sshd[1106]: Accepted password for mvs from 192.168.88.10 port 49626 ssh2
May 25 05:08:12 carrental-srv sshd[1106]: pam_unix(sshd:session): session opened for user mvs(uid=1000) by (uid=0)
May 25 05:08:12 carrental-srv systemd-logind[761]: New session 3 of user mvs.
May 25 05:08:12 carrental-srv systemd[1]: Started Session 3 of User mvs.
May 25 05:08:16 carrental-srv systemd[1]: systemd-fsckd.service: Deactivated successfully.
May 25 05:08:19 carrental-srv sudo[1170]:      mvs : TTY=pts/0 ; PWD=/root ; USER=root ; COMMAND=/bin/bash
May 25 05:08:19 carrental-srv sudo[1170]: pam_unix(sudo-i:session): session opened for user root(uid=0) by mvs(uid=1000)
May 25 05:08:40 carrental-srv systemd-resolved[732]: Clock change detected. Flushing caches.
May 25 05:08:40 carrental-srv systemd-timesyncd[634]: Initial synchronization to time server 185.125.190.56:123 (ntp.ubuntu.com).
May 25 05:08:41 carrental-srv sudo[1183]:      mvs : TTY=pts/1 ; PWD=/root ; USER=root ; COMMAND=/bin/bash
May 25 05:08:41 carrental-srv sudo[1183]: pam_unix(sudo-i:session): session opened for user root(uid=0) by mvs(uid=1000)
May 25 05:08:53 carrental-srv systemd[1]: systemd-timedated.service: Deactivated successfully.
May 25 05:09:22 carrental-srv sshd[1202]: error: kex_exchange_identification: Connection closed by remote host
May 25 05:09:22 carrental-srv sshd[1202]: Connection closed by 192.168.88.26 port 43410
May 25 05:10:18 carrental-srv kernel: [UFW BLOCK] IN=enp0s3 OUT= MAC=01:00:5e:00:00:01:54:c2:50:f8:92:20:08:00 SRC=192.168.88.1 DST=224.0.0.1 LEN=28 TOS=0x00 PREC=0xC0 TTL=1 ID=50691 PROTO=2 
May 25 05:12:20 carrental-srv kernel: [UFW BLOCK] IN=enp0s3 OUT= MAC=01:00:5e:00:00:01:54:c2:50:f8:92:20:08:00 SRC=192.168.88.1 DST=224.0.0.1 LEN=28 TOS=0x00 PREC=0xC0 TTL=1 ID=61413 PROTO=2 
